Thread[Thread-1,5,main]1pkt 0 received.
1pkt 1 received.
1pkt 2 received.
1pkt 3 received.
1pkt 4 received.
1pkt 5 received.
1pkt 6 received.
1pkt 7 received.
1pkt 8 received.
1pkt 9 received.
1pkt 10 received.
1pkt 11 received.
1pkt 12 received.
1pkt 13 received.
1pkt 14 received.
1pkt 15 received.
1pkt 16 received.
1pkt 17 received.
1pkt 18 received.
1pkt 19 received.
1pkt 20 received.
1pkt 21 received.
1pkt 22 received.
1pkt 23 received.
1pkt 24 received.
1pkt 25 received.
1pkt 26 received.
1pkt 27 received.
1pkt 28 received.
1pkt 29 received.
1pkt 30 received.
1pkt 31 received.
1pkt 32 received.
1pkt 33 received.
1pkt 34 received.
1pkt 35 received.
1pkt 36 received.
1pkt 37 received.
1pkt 38 received.
1pkt 39 received.
1pkt 40 received.
1pkt 41 received.
1pkt 42 received.
1pkt 43 received.
1pkt 44 received.
1pkt 45 received.
1pkt 46 received.
1pkt 47 received.
1pkt 48 received.
1pkt 49 received.
1pkt 50 received.
1pkt 51 received.
1pkt 52 received.
1pkt 53 received.
1pkt 54 received.
1pkt 55 received.
1pkt 56 received.
1pkt 57 received.
1pkt 58 received.
1pkt 59 received.
1pkt 60 received.
1pkt 61 received.
1pkt 62 received.
1pkt 63 received.
1pkt 64 received.
1pkt 65 received.
1pkt 66 received.
1pkt 67 received.
1pkt 68 received.
1pkt 69 received.
1pkt 70 received.
1pkt 71 received.
1pkt 72 received.
1pkt 73 received.
01pkt 75 received.
1pkt 76 received.
1pkt 77 received.
1pkt 78 received.
1pkt 79 received.
1pkt 80 received.
1pkt 81 received.
1pkt 82 received.
1pkt 83 received.
1pkt 84 received.
1pkt 85 received.
1pkt 86 received.
1pkt 87 received.
1pkt 88 received.
1pkt 89 received.
1pkt 90 received.
1pkt 91 received.
1pkt 92 received.
1pkt 93 received.
1pkt 94 received.
1pkt 95 received.
Not finished, Prepare req msgs for 1 pkts!
pkt 12 dupped.
pkt 22 dupped.
pkt 44 dupped.
pkt 49 dupped.
pkt 60 dupped.
0000001pkt 74 received.
all pkts received. dup list:
60:1,  
12:1,  
22:1,  
44:1,  
49:1,  

pkt 91 dupped.
all pkts received. dup list:
60:1,  
91:1,  
12:1,  
22:1,  
44:1,  
49:1,  

done
pkt 44 dupped.
all pkts received. dup list:
60:1,  
91:1,  
44:1,  
12:1,  
22:1,  
44:1,  
49:1,  

pkt 61 dupped.
all pkts received. dup list:
60:1,  
91:1,  
44:1,  
61:1,  
12:1,  
22:1,  
44:1,  
49:1,  

