Thread[Thread-1,5,main]
#BP:reset Tx counter now!
#OTP#START:229199
#OTP: 1st adv from sink, numPgs=22,numPgsComplete=22
#BP#TX:22:0:2:4
#OTP# page0 write done!t=232914

#FAD: metric=187, backoff=9
#FAD: reqNumAfterBackoff=2
#BP#TX:22:47:2:5
#DPTP: page0 send done!t=234310,state=1

#BP#TX:22:47:2:5
#OTP# page1 write done!t=235434

#FAD: metric=200, backoff=9
#FAD: reqNumAfterBackoff=1
#BP#TX:22:48:2:6
#DPTP: page0 send done!t=235862,state=1

#FAD: metric=151, backoff=9
#FAD: reqNumAfterBackoff=2
#FAD: metric=34, backoff=16
#FAD: reqNumAfterBackoff=1
#FAD: metric=30, backoff=20
#FAD: reqNumAfterBackoff=2
#BP#TX:22:153:2:9
#OTP# page2 write done!t=240833

#FAD: metric=10, backoff=41
#FAD: reqNumAfterBackoff=0
#BP#TX:22:200:2:11
#DPTP: page2 send done!t=242672,state=1

#BP#TX:22:200:3:19
#OTP# page3 write done!t=247248

#FAD: metric=187, backoff=9
#FAD: reqNumAfterBackoff=1
#BP#TX:22:244:3:22
#DPTP: page3 send done!t=249718,state=1

#FAD: metric=151, backoff=8
#FAD: reqNumAfterBackoff=1
#BP#TX:22:248:3:23
#DPTP: page3 send done!t=250537,state=1

#FAD: metric=200, backoff=8
#FAD: reqNumAfterBackoff=1
#BP#TX:22:251:3:26
#DPTP: page3 send done!t=252554,state=1

#BP#TX:22:251:5:27
#OTP# page4 write done!t=255176

#FAD: metric=200, backoff=8
#FAD: reqNumAfterBackoff=1
#BP#TX:22:252:5:29
#DPTP: page3 send done!t=255836,state=1

#FAD: metric=151, backoff=4
#FAD: reqNumAfterBackoff=1
#FAD: metric=10, backoff=44
#FAD: reqNumAfterBackoff=2
#BP#TX:22:329:5:32
#DPTP: page4 send done!t=259529,state=1

#BP#TX:22:329:6:33
#OTP# page5 write done!t=261011

#FAD: metric=200, backoff=4
#FAD: reqNumAfterBackoff=1
#FAD: metric=174, backoff=8
#FAD: reqNumAfterBackoff=1
#BP#TX:22:376:6:35
#DPTP: page5 send done!t=262750,state=1

#BP#TX:22:376:8:37
#OTP# page6 write done!t=268938

#FAD: metric=151, backoff=7
#FAD: reqNumAfterBackoff=1
#FAD: metric=10, backoff=46
#FAD: reqNumAfterBackoff=2
#BP#TX:22:425:8:48
#DPTP: page6 send done!t=275115,state=1

#BP#TX:22:425:10:48
#OTP# page7 write done!t=279394

#FAD: metric=151, backoff=4
#FAD: reqNumAfterBackoff=1
#FAD: metric=147, backoff=3
#FAD: reqNumAfterBackoff=1
#FAD: metric=144, backoff=8
#FAD: reqNumAfterBackoff=1
#BP#TX:22:486:11:55
#DPTP: page7 send done!t=284537,state=1

#BP#TX:22:486:16:63
#OTP# page8 write done!t=291998

#BP#TX:22:486:17:64
#OTP# page9 write done!t=293733

#BP#TX:22:486:18:65
#OTP# page10 write done!t=296660

#FAD: metric=288, backoff=1
#FAD: reqNumAfterBackoff=2
#FAD: metric=25, backoff=23
#FAD: reqNumAfterBackoff=1
#BP#TX:22:574:18:66
#DPTP: page10 send done!t=298668,state=1

#BP#TX:22:574:22:71
#OTP# page11 write done!t=304093

#FAD: metric=200, backoff=9
#FAD: reqNumAfterBackoff=1
#FAD: metric=29, backoff=18
#FAD: reqNumAfterBackoff=1
#FAD: metric=195, backoff=9
#FAD: reqNumAfterBackoff=1
#BP#TX:22:620:22:74
#DPTP: page11 send done!t=306579,state=1

#BP#TX:22:620:23:74
#OTP# page12 write done!t=308987

#FAD: metric=34, backoff=12
#FAD: reqNumAfterBackoff=1
#BP#TX:22:643:23:75
#DPTP: page12 send done!t=309872,state=1

#FAD: metric=123, backoff=4
#FAD: reqNumAfterBackoff=1
#FAD: metric=191, backoff=6
#FAD: reqNumAfterBackoff=2
#BP#TX:22:665:23:82
#DPTP: page12 send done!t=313496,state=1

#BP#TX:22:665:25:84
#OTP# page13 write done!t=318043

#FAD: metric=200, backoff=4
#FAD: reqNumAfterBackoff=1
#FAD: metric=67, backoff=7
#FAD: reqNumAfterBackoff=2
#BP#TX:22:750:25:89
#DPTP: page13 send done!t=321771,state=1

#BP#TX:22:750:25:89
#OTP# page14 write done!t=322858

#FAD: metric=10, backoff=47
#FAD: reqNumAfterBackoff=1
#BP#TX:22:752:25:92
#DPTP: page14 send done!t=324391,state=1

#FAD: metric=195, backoff=4
#FAD: reqNumAfterBackoff=1
#BP#TX:22:790:25:93
#DPTP: page14 send done!t=325693,state=1

#FAD: metric=200, backoff=4
#FAD: reqNumAfterBackoff=1
#BP#TX:22:800:25:93
#DPTP: page14 send done!t=326289,state=1

#FAD: metric=151, backoff=9
#FAD: reqNumAfterBackoff=1
#FAD: metric=48, backoff=14
#FAD: reqNumAfterBackoff=1
#BP#TX:22:804:26:99
#DPTP: page14 send done!t=332287,state=1

#BP#TX:22:804:27:99
#OTP# page15 write done!t=334789

#FAD: metric=151, backoff=7
#FAD: reqNumAfterBackoff=1
#FAD: metric=153, backoff=2
#FAD: reqNumAfterBackoff=1
#BP#TX:22:862:27:100
#DPTP: page15 send done!t=336226,state=1

#FAD: metric=200, backoff=9
#FAD: reqNumAfterBackoff=1
#BP#TX:22:865:27:100
#DPTP: page15 send done!t=336612,state=1

#BP#TX:22:865:29:100
#OTP# page16 write done!t=341971

#FAD: metric=210, backoff=1
#FAD: reqNumAfterBackoff=2
#FAD: metric=72, backoff=12
#FAD: reqNumAfterBackoff=1
#BP#TX:22:937:29:103
#DPTP: page16 send done!t=345439,state=1

#BP#TX:22:937:31:103
#OTP# page17 write done!t=349006

#FAD: metric=34, backoff=11
#FAD: reqNumAfterBackoff=1
#BP#TX:22:961:31:104
#DPTP: page17 send done!t=350068,state=1

#FAD: metric=195, backoff=5
#FAD: reqNumAfterBackoff=1
#BP#TX:22:984:31:104
#DPTP: page17 send done!t=350694,state=1

#FAD: metric=200, backoff=8
#FAD: reqNumAfterBackoff=1
#BP#TX:22:985:31:105
#DPTP: page17 send done!t=351214,state=1

#BP#TX:22:985:32:106
#OTP# page18 write done!t=354792

#FAD: metric=351, backoff=1
#FAD: reqNumAfterBackoff=2
#FAD: metric=45, backoff=13
#FAD: reqNumAfterBackoff=1
#FAD: metric=59, backoff=10
#FAD: reqNumAfterBackoff=1
#BP#TX:22:1083:32:108
#DPTP: page18 send done!t=357746,state=1

#BP#TX:22:1083:32:108
#OTP# page19 write done!t=359753

#FAD: metric=200, backoff=5
#FAD: reqNumAfterBackoff=1
#FAD: metric=115, backoff=4
#FAD: reqNumAfterBackoff=1
#FAD: metric=10, backoff=45
#FAD: reqNumAfterBackoff=1
#BP#TX:22:1141:33:117
#OTP# page20 write done!t=365685

#FAD: metric=10, backoff=41
#FAD: reqNumAfterBackoff=0
#BP#TX:22:1188:33:118
#DPTP: page20 send done!t=366703,state=1

#BP#TX:22:1188:35:121

#BP#TC:22:179783:27982:1225:610
#OTP: finish image!curPgNum=21,t=375588

#FAD: metric=200, backoff=6
#FAD: reqNumAfterBackoff=1
#BP#TX:22:1191:35:124
#DPTP: page21 send done!t=377243,state=1


#BP:reset Tx counter now!
