Thread[Thread-1,5,main]
#BP:reset Tx counter now!
#OTP#START:231367
#OTP: 1st adv from sink, numPgs=22,numPgsComplete=22
#BP#TX:7:0:0:0
#OTP# page0 write done!t=232523

#BP#TX:7:0:0:0
#OTP# page1 write done!t=238123

#BP#TX:7:0:2:2
#OTP# page2 write done!t=243747

#FAD: metric=200, backoff=5
#FAD: reqNumAfterBackoff=1
#BP#TX:7:40:2:3
#DPTP: page2 send done!t=244567,state=1

#BP#TX:7:40:3:6
#OTP# page3 write done!t=250904

#BP#TX:7:40:3:6
#OTP# page4 write done!t=255858

#FAD: metric=10, backoff=46
#FAD: reqNumAfterBackoff=1
#BP#TX:7:46:3:11
#DPTP: page3 send done!t=261769,state=1

#FAD: metric=200, backoff=9
#FAD: reqNumAfterBackoff=1
#BP#TX:7:51:3:12
#DPTP: page4 send done!t=263178,state=1

#BP#TX:7:51:4:14
#OTP# page5 write done!t=265953

#FAD: metric=200, backoff=7
#FAD: reqNumAfterBackoff=1
#BP#TX:7:54:4:15
#DPTP: page5 send done!t=266706,state=1

#BP#TX:7:54:5:15
#OTP# page6 write done!t=269675

#BP#TX:7:54:7:16
#OTP# page7 write done!t=279202

#FAD: metric=200, backoff=5
#FAD: reqNumAfterBackoff=1
#BP#TX:7:82:7:17
#DPTP: page7 send done!t=280168,state=1

#BP#TX:7:82:8:17
#OTP# page8 write done!t=284991

#FAD: metric=200, backoff=5
#FAD: reqNumAfterBackoff=1
#BP#TX:7:82:9:20
#OTP# page9 write done!t=291770

#FAD: metric=10, backoff=41
#FAD: reqNumAfterBackoff=1
#BP#TX:7:91:9:21
#DPTP: page8 send done!t=292016,state=1

#BP#TX:7:91:10:25
#OTP# page10 write done!t=297069

#FAD: metric=195, backoff=9
#FAD: reqNumAfterBackoff=1
#BP#TX:7:91:11:30
#OTP# page11 write done!t=304016

#FAD: metric=10, backoff=47
#FAD: reqNumAfterBackoff=0
#BP#TX:7:119:12:40
#DPTP: page11 send done!t=312209,state=1

#BP#TX:7:119:12:41
#OTP# page12 write done!t=313427

#FAD: metric=200, backoff=8
#FAD: reqNumAfterBackoff=1
#BP#TX:7:120:12:42
#DPTP: page11 send done!t=313603,state=1

#FAD: metric=10, backoff=45
#FAD: reqNumAfterBackoff=1
#BP#TX:7:143:12:42
#DPTP: page11 send done!t=314081,state=1

#FAD: metric=10, backoff=41
#FAD: reqNumAfterBackoff=1
#BP#TX:7:145:12:42
#DPTP: page12 send done!t=315337,state=1

#BP#TX:7:145:13:43
#OTP# page13 write done!t=321527

#FAD: metric=200, backoff=9
#FAD: reqNumAfterBackoff=1
#FAD: metric=200, backoff=6
#FAD: reqNumAfterBackoff=1
#BP#TX:7:146:13:49
#DPTP: page13 send done!t=324570,state=1

#BP#TX:7:146:13:49
#OTP# page14 write done!t=326436

#BP#TX:7:146:14:50
#OTP# page15 write done!t=330352

#FAD: metric=200, backoff=9
#FAD: reqNumAfterBackoff=1
#BP#TX:7:162:14:51
#DPTP: page15 send done!t=332719,state=1

#BP#TX:7:162:14:58
#OTP# page16 write done!t=341696

#FAD: metric=200, backoff=8
#FAD: reqNumAfterBackoff=1
#FAD: metric=194, backoff=9
#FAD: reqNumAfterBackoff=1
#BP#TX:7:188:16:64
#OTP# page17 write done!t=353152

#BP#TX:7:188:17:67
#OTP# page18 write done!t=357719

#FAD: metric=10, backoff=42
#FAD: reqNumAfterBackoff=0
#BP#TX:7:226:19:75
#DPTP: page18 send done!t=364440,state=1

#BP#TX:7:226:22:78
#OTP# page19 write done!t=369042

#FAD: metric=200, backoff=3
#FAD: reqNumAfterBackoff=1
#BP#TX:7:230:23:85
#DPTP: page19 send done!t=373735,state=1

#BP#TX:7:230:23:86
#OTP# page20 write done!t=375393

#BP#TX:7:230:24:89

#BP#TC:7:182624:40436:475:354
#OTP: finish image!curPgNum=21,t=378463


#BP:reset Tx counter now!
