Thread[Thread-1,5,main]
#BP:reset Tx counter now!
#OTP#START:229200
#OTP: 1st adv from sink, numPgs=22,numPgsComplete=22
#BP#TX:2:0:0:0
#OTP# page0 write done!t=231603

#FAD: metric=185, backoff=5
#FAD: reqNumAfterBackoff=1
#BP#TX:2:47:0:1
#DPTP: page0 send done!t=232465,state=1

#FAD: metric=200, backoff=5
#FAD: reqNumAfterBackoff=1
#BP#TX:2:52:0:1
#DPTP: page0 send done!t=233086,state=1

#BP#TX:2:52:1:1
#OTP# page1 write done!t=235483

#FAD: metric=205, backoff=8
#FAD: reqNumAfterBackoff=2
#BP#TX:2:86:1:2
#DPTP: page1 send done!t=236245,state=1

#FAD: metric=200, backoff=2
#FAD: reqNumAfterBackoff=1
#BP#TX:2:90:1:3
#DPTP: page1 send done!t=238823,state=1

#BP#TX:2:90:2:3
#OTP# page2 write done!t=240212

#FAD: metric=187, backoff=5
#FAD: reqNumAfterBackoff=1
#BP#TX:2:92:2:5
#DPTP: page2 send done!t=241252,state=1

#FAD: metric=195, backoff=8
#FAD: reqNumAfterBackoff=1
#BP#TX:2:93:2:5
#DPTP: page2 send done!t=241511,state=1

#BP#TX:2:93:3:5
#OTP# page3 write done!t=247172

#BP#TX:2:93:5:6
#OTP# page4 write done!t=252222

#FAD: metric=200, backoff=6
#FAD: reqNumAfterBackoff=1
#BP#TX:2:95:5:10
#DPTP: page3 send done!t=257898,state=1

#BP#TX:2:95:5:10
#OTP# page5 write done!t=258208

#FAD: metric=200, backoff=9
#FAD: reqNumAfterBackoff=1
#BP#TX:2:114:5:14
#OTP# page6 write done!t=265217

#FAD: metric=10, backoff=42
#FAD: reqNumAfterBackoff=1
#BP#TX:2:161:5:15
#DPTP: page5 send done!t=266301,state=1

#FAD: metric=187, backoff=8
#FAD: reqNumAfterBackoff=1
#FAD: metric=197, backoff=5
#FAD: reqNumAfterBackoff=1
#BP#TX:2:204:5:18
#DPTP: page6 send done!t=268510,state=1

#BP#TX:2:204:5:22
#OTP# page7 write done!t=272513

#FAD: metric=187, backoff=5
#FAD: reqNumAfterBackoff=1
#BP#TX:2:211:5:23
#DPTP: page7 send done!t=273182,state=1

#FAD: metric=182, backoff=2
#FAD: reqNumAfterBackoff=1
#BP#TX:2:220:5:23
#DPTP: page7 send done!t=274453,state=1

#BP#TX:2:220:6:27
#OTP# page8 write done!t=280758

#FAD: metric=200, backoff=9
#FAD: reqNumAfterBackoff=1
#BP#TX:2:221:6:29
#DPTP: page7 send done!t=281272,state=1

#BP#TX:2:221:7:30
#OTP# page9 write done!t=287118

#FAD: metric=200, backoff=5
#FAD: reqNumAfterBackoff=1
#BP#TX:2:229:7:32
#DPTP: page8 send done!t=287933,state=1

#FAD: metric=200, backoff=8
#FAD: reqNumAfterBackoff=1
#BP#TX:2:235:7:36
#DPTP: page9 send done!t=294165,state=1

#BP#TX:2:235:7:36
#OTP# page10 write done!t=295145

#BP#TX:2:235:7:40
#OTP# page11 write done!t=300402

#FAD: metric=200, backoff=2
#FAD: reqNumAfterBackoff=1
#BP#TX:2:262:7:41
#DPTP: page10 send done!t=301285,state=1

#FAD: metric=200, backoff=7
#FAD: reqNumAfterBackoff=1
#BP#TX:2:269:8:46
#OTP# page12 write done!t=308722

#FAD: metric=10, backoff=47
#FAD: reqNumAfterBackoff=0
#BP#TX:2:269:9:54
#OTP# page13 write done!t=315691

#FAD: metric=10, backoff=45
#FAD: reqNumAfterBackoff=0
#BP#TX:2:316:9:55
#DPTP: page12 send done!t=317109,state=1

#FAD: metric=200, backoff=6
#FAD: reqNumAfterBackoff=1
#BP#TX:2:363:9:56
#DPTP: page13 send done!t=320460,state=1

#FAD: metric=200, backoff=9
#FAD: reqNumAfterBackoff=1
#BP#TX:2:365:9:59
#DPTP: page13 send done!t=322000,state=1

#BP#TX:2:365:9:59
#OTP# page14 write done!t=322859

#FAD: metric=200, backoff=2
#FAD: reqNumAfterBackoff=1
#BP#TX:2:411:10:61
#DPTP: page14 send done!t=326584,state=1

#BP#TX:2:411:10:62
#OTP# page15 write done!t=327646

#FAD: metric=182, backoff=3
#FAD: reqNumAfterBackoff=1
#BP#TX:2:430:10:63
#DPTP: page15 send done!t=328844,state=1

#FAD: metric=200, backoff=3
#FAD: reqNumAfterBackoff=1
#FAD: metric=10, backoff=47
#FAD: reqNumAfterBackoff=1
#BP#TX:2:441:12:69
#OTP# page16 write done!t=335420

#FAD: metric=10, backoff=47
#FAD: reqNumAfterBackoff=1
#BP#TX:2:467:12:70
#DPTP: page15 send done!t=336620,state=1

#BP#TX:2:467:12:72
#OTP# page17 write done!t=344598

#FAD: metric=200, backoff=6
#FAD: reqNumAfterBackoff=1
#BP#TX:2:480:12:77
#DPTP: page16 send done!t=346494,state=1

#BP#TX:2:480:13:77
#OTP# page18 write done!t=354033

#FAD: metric=200, backoff=6
#FAD: reqNumAfterBackoff=1
#BP#TX:2:519:13:81
#DPTP: page17 send done!t=356052,state=1

#BP#TX:2:519:14:82
#OTP# page19 write done!t=359752

#FAD: metric=200, backoff=5
#FAD: reqNumAfterBackoff=1
#BP#TX:2:521:14:82
#DPTP: page17 send done!t=359986,state=1

#FAD: metric=200, backoff=3
#FAD: reqNumAfterBackoff=1
#BP#TX:2:568:14:83
#DPTP: page18 send done!t=361168,state=1

#BP#TX:2:568:15:83
#OTP# page20 write done!t=365685

#FAD: metric=199, backoff=7
#FAD: reqNumAfterBackoff=2
#BP#TX:2:579:16:89
#DPTP: page20 send done!t=367816,state=1

#BP#TX:2:579:16:89

#BP#TC:2:177175:21833:800:377
#OTP: finish image!curPgNum=21,t=370569

#FAD: metric=200, backoff=6
#FAD: reqNumAfterBackoff=1
#BP#TX:2:626:16:91
#DPTP: page19 send done!t=372045,state=1

#FAD: metric=200, backoff=5
#FAD: reqNumAfterBackoff=1
#BP#TX:2:673:16:93
#DPTP: page20 send done!t=375298,state=1


#BP:reset Tx counter now!
