Thread[Thread-1,5,main]
#BP:reset Tx counter now!
#BP#TX:17:0:3:2
#OTP# page0 write done!t=235865

#OTP#START:236184
#OTP: 1st adv from sink, numPgs=22,numPgsComplete=22
#BP#TX:17:0:5:3
#OTP# page1 write done!t=240164

#BP#TX:17:0:6:4
#OTP# page2 write done!t=248074

#FAD: metric=200, backoff=8
#FAD: reqNumAfterBackoff=1
#BP#TX:17:10:7:8
#DPTP: page2 send done!t=252871,state=1

#BP#TX:17:10:9:11
#OTP# page3 write done!t=256240

#BP#TX:17:10:10:12
#OTP# page4 write done!t=259472

#BP#TX:17:10:11:12
#OTP# page5 write done!t=262988

#FAD: metric=200, backoff=4
#FAD: reqNumAfterBackoff=1
#BP#TX:17:11:11:13
#DPTP: page3 send done!t=263475,state=1

#BP#TX:17:11:14:27
#OTP# page6 write done!t=277277

#FAD: metric=200, backoff=8
#FAD: reqNumAfterBackoff=1
#BP#TX:17:11:16:29
#OTP# page7 write done!t=284545

#FAD: metric=10, backoff=45
#FAD: reqNumAfterBackoff=0
#BP#TX:17:15:18:33
#OTP# page8 write done!t=289558

#BP#TX:17:15:20:33
#OTP# page9 write done!t=294149

#BP#TX:17:15:23:35
#OTP# page10 write done!t=301897

#BP#TX:17:15:24:35
#OTP# page11 write done!t=306499

#BP#TX:17:15:25:37
#OTP# page12 write done!t=315905

#BP#TX:17:15:26:39
#OTP# page13 write done!t=321777

#BP#TX:17:15:27:40
#OTP# page14 write done!t=326295

#FAD: metric=10, backoff=42
#FAD: reqNumAfterBackoff=0
#BP#TX:17:18:27:42
#DPTP: page13 send done!t=327130,state=1

#FAD: metric=10, backoff=45
#FAD: reqNumAfterBackoff=0
#FAD: metric=198, backoff=4
#FAD: reqNumAfterBackoff=1
#FAD: metric=200, backoff=4
#FAD: reqNumAfterBackoff=1
#FAD: metric=166, backoff=5
#FAD: reqNumAfterBackoff=1
#BP#TX:17:51:28:48
#OTP# page15 write done!t=336617

#BP#TX:17:51:29:53
#OTP# page16 write done!t=345445

#BP#TX:17:51:30:53
#OTP# page17 write done!t=351221

#FAD: metric=10, backoff=46
#FAD: reqNumAfterBackoff=0
#BP#TX:17:94:30:54
#DPTP: page17 send done!t=353181,state=1

#FAD: metric=200, backoff=3
#FAD: reqNumAfterBackoff=1
#BP#TX:17:94:32:57
#OTP# page18 write done!t=358482

#BP#TX:17:94:34:58
#OTP# page19 write done!t=363584

#FAD: metric=10, backoff=41
#FAD: reqNumAfterBackoff=0
#BP#TX:17:104:34:59
#DPTP: page19 send done!t=365185,state=1

#BP#TX:17:104:34:59
#OTP# page20 write done!t=366709

#FAD: metric=197, backoff=6
#FAD: reqNumAfterBackoff=1
#BP#TX:17:117:34:61
#DPTP: page19 send done!t=367674,state=1

#FAD: metric=10, backoff=41
#FAD: reqNumAfterBackoff=0
#FAD: metric=10, backoff=41
#FAD: reqNumAfterBackoff=1
#BP#TX:17:122:34:61
#DPTP: page20 send done!t=368006,state=1

#FAD: metric=200, backoff=2
#FAD: reqNumAfterBackoff=1
#BP#TX:17:135:35:64

#BP#TC:17:183313:43663:400:345
#OTP: finish image!curPgNum=21,t=377821


#BP:reset Tx counter now!
