Thread[Thread-1,5,main]
#BP:reset Tx counter now!
#OTP#START:231369
#OTP: 1st adv from sink, numPgs=22,numPgsComplete=22
#BP#TX:5:0:1:0
#OTP# page0 write done!t=232508

#BP#TX:5:0:3:2
#OTP# page1 write done!t=236603

#FAD: metric=10, backoff=43
#BP#TX:5:0:3:3
#DPTP: page1 send done!t=236782,state=1

#FAD: reqNumAfterBackoff=0
#BP#TX:5:0:5:6
#OTP# page2 write done!t=243626

#BP#TX:5:0:6:8
#OTP# page3 write done!t=248739

#BP#TX:5:0:8:13
#OTP# page4 write done!t=255860

#BP#TX:5:0:10:17
#OTP# page5 write done!t=262917

#BP#TX:5:0:11:19
#OTP# page6 write done!t=268485

#FAD: metric=10, backoff=46
#FAD: reqNumAfterBackoff=1
#BP#TX:5:47:11:20
#DPTP: page6 send done!t=269922,state=1

#BP#TX:5:47:12:20
#OTP# page7 write done!t=274456

#FAD: metric=200, backoff=4
#FAD: reqNumAfterBackoff=1
#BP#TX:5:48:13:24
#DPTP: page7 send done!t=277592,state=1

#BP#TX:5:48:16:28
#OTP# page8 write done!t=285232

#FAD: metric=10, backoff=40
#FAD: reqNumAfterBackoff=1
#BP#TX:5:51:17:32
#DPTP: page8 send done!t=287617,state=1

#BP#TX:5:51:18:32
#OTP# page9 write done!t=289359

#FAD: metric=10, backoff=43
#FAD: reqNumAfterBackoff=1
#BP#TX:5:98:18:33
#DPTP: page9 send done!t=291769,state=1

#BP#TX:5:98:19:35
#OTP# page10 write done!t=296506

#FAD: metric=10, backoff=42
#FAD: reqNumAfterBackoff=1
#FAD: metric=10, backoff=45
#FAD: reqNumAfterBackoff=1
#BP#TX:5:145:19:37
#DPTP: page10 send done!t=298195,state=1

#BP#TX:5:145:21:42
#OTP# page11 write done!t=303141

#BP#TX:5:145:24:44
#OTP# page12 write done!t=311184

#BP#TX:5:145:25:51
#OTP# page13 write done!t=318029

#BP#TX:5:145:29:54
#OTP# page14 write done!t=324775

#BP#TX:5:145:30:56
#OTP# page15 write done!t=329677

#FAD: metric=10, backoff=47
#FAD: reqNumAfterBackoff=1
#BP#TX:5:146:32:62
#OTP# page16 write done!t=338073

#BP#TX:5:146:35:76
#OTP# page17 write done!t=350267

#FAD: metric=10, backoff=45
#FAD: reqNumAfterBackoff=0
#BP#TX:5:151:35:77
#DPTP: page17 send done!t=353409,state=1

#BP#TX:5:151:37:81
#OTP# page18 write done!t=357061

#BP#TX:5:151:41:81
#OTP# page19 write done!t=364689

#BP#TX:5:151:42:81
#OTP# page20 write done!t=367819

#FAD: metric=200, backoff=4
#FAD: reqNumAfterBackoff=1
#BP#TX:5:152:42:83
#DPTP: page20 send done!t=370743,state=1

#BP#TX:5:152:43:87

#BP#TC:5:192286:57241:250:316
#OTP: finish image!curPgNum=21,t=373672


#BP:reset Tx counter now!
