Thread[Thread-1,5,main]
#BP:reset Tx counter now!
#BP#TX:11:0:1:0
#OTP# page0 write done!t=233235

#FAD: metric=10, backoff=41
#FAD: reqNumAfterBackoff=1
#BP#TX:11:2:1:1
#DPTP: page0 send done!t=238823,state=1

#BP#TX:11:2:2:2
#OTP# page1 write done!t=240466

#BP#TX:11:2:2:2
#OTP# page2 write done!t=245394

#FAD: metric=10, backoff=46
#FAD: reqNumAfterBackoff=2
#BP#TX:11:49:2:3
#DPTP: page1 send done!t=249916,state=1

#BP#TX:11:49:2:3
#OTP# page3 write done!t=252568

#FAD: metric=10, backoff=42
#FAD: reqNumAfterBackoff=1
#BP#TX:11:93:2:4
#DPTP: page3 send done!t=256525,state=1

#BP#TX:11:93:2:5
#OTP# page4 write done!t=257228

#FAD: metric=190, backoff=3
#FAD: reqNumAfterBackoff=1
#BP#TX:11:94:2:5
#DPTP: page2 send done!t=257299,state=1

#FAD: metric=10, backoff=46
#FAD: reqNumAfterBackoff=1
#BP#TX:11:141:2:6
#DPTP: page4 send done!t=259520,state=1

#FAD: metric=190, backoff=7
#FAD: reqNumAfterBackoff=1
#BP#TX:11:146:2:7
#DPTP: page3 send done!t=264254,state=1

#BP#TX:11:146:2:7
#OTP# page5 write done!t=265727

#BP#TX:11:146:2:7
#OTP# page6 write done!t=270568

#FAD: metric=190, backoff=9
#FAD: reqNumAfterBackoff=1
#BP#TX:11:155:2:10
#DPTP: page6 send done!t=279370,state=1

#BP#TX:11:155:2:11
#OTP# page7 write done!t=281763

#FAD: metric=10, backoff=41
#FAD: reqNumAfterBackoff=1
#BP#TX:11:202:2:12
#DPTP: page7 send done!t=283974,state=1

#BP#TX:11:202:2:12
#OTP# page8 write done!t=287599

#FAD: metric=10, backoff=40
#FAD: reqNumAfterBackoff=1
#BP#TX:11:202:3:13
#OTP# page9 write done!t=292502

#FAD: metric=10, backoff=45
#FAD: reqNumAfterBackoff=0
#FAD: metric=10, backoff=42
#FAD: reqNumAfterBackoff=0
#BP#TX:11:202:4:14
#OTP# page10 write done!t=298125

#BP#TX:11:202:4:15
#OTP# page11 write done!t=304966

#BP#TX:11:202:4:15
#OTP# page12 write done!t=313508

#FAD: metric=10, backoff=44
#FAD: reqNumAfterBackoff=0
#BP#TX:11:249:4:17
#DPTP: page12 send done!t=318183,state=1

#BP#TX:11:249:4:17
#OTP# page13 write done!t=320162

#FAD: metric=194, backoff=7
#FAD: reqNumAfterBackoff=1
#BP#TX:11:250:4:18
#DPTP: page13 send done!t=320843,state=1

#BP#TX:11:250:5:18
#OTP# page14 write done!t=325765

#BP#TX:11:250:6:21
#OTP# page15 write done!t=337564

#BP#TX:11:250:7:21
#OTP# page16 write done!t=343542

#BP#TX:11:250:8:21
#OTP# page17 write done!t=353965

#BP#TX:11:250:9:21
#OTP# page18 write done!t=358215

#BP#TX:11:250:10:31
#OTP# page19 write done!t=368627

#BP#TX:11:250:11:31
#OTP# page20 write done!t=372538

#BP#TX:11:250:11:32

#BP#TC:11:170016:13317:325:413
#OTP: finish image!curPgNum=21,t=373666

#FAD: metric=190, backoff=7
#FAD: reqNumAfterBackoff=1
#BP#TX:11:295:11:33
#DPTP: page20 send done!t=375427,state=1

#FAD: metric=10, backoff=45
#FAD: reqNumAfterBackoff=1
#BP#TX:11:342:11:34
#DPTP: page21 send done!t=378763,state=1


#BP:reset Tx counter now!
