Thread[Thread-1,5,main]
#BP:reset Tx counter now!
#BP#TX:21:0:2:1
#OTP# page0 write done!t=234769

#OTP#START:239778
#OTP: 1st adv from sink, numPgs=22,numPgsComplete=22
#BP#TX:21:0:3:8
#OTP# page1 write done!t=240163

#FAD: metric=192, backoff=3
#FAD: reqNumAfterBackoff=1
#BP#TX:21:11:3:11
#DPTP: page1 send done!t=246551,state=1

#BP#TX:21:11:3:11
#OTP# page2 write done!t=247985

#FAD: metric=192, backoff=9
#FAD: reqNumAfterBackoff=1
#BP#TX:21:14:3:12
#DPTP: page1 send done!t=248355,state=1

#BP#TX:21:14:4:13
#OTP# page3 write done!t=252558

#FAD: metric=179, backoff=9
#FAD: reqNumAfterBackoff=1
#BP#TX:21:61:4:15
#DPTP: page2 send done!t=253987,state=1

#FAD: metric=192, backoff=9
#FAD: reqNumAfterBackoff=1
#BP#TX:21:62:4:17
#DPTP: page2 send done!t=255971,state=1

#BP#TX:21:62:4:21
#OTP# page4 write done!t=259533

#FAD: metric=192, backoff=8
#FAD: reqNumAfterBackoff=1
#BP#TX:21:109:4:21
#DPTP: page3 send done!t=260370,state=1

#BP#TX:21:109:5:21
#OTP# page5 write done!t=262754

#FAD: metric=22, backoff=23
#FAD: reqNumAfterBackoff=1
#BP#TX:21:131:5:22
#DPTP: page5 send done!t=264352,state=1

#FAD: metric=192, backoff=8
#FAD: reqNumAfterBackoff=1
#BP#TX:21:136:5:25
#DPTP: page4 send done!t=266675,state=1

#BP#TX:21:136:6:27
#OTP# page6 write done!t=275119

#FAD: metric=22, backoff=22
#FAD: reqNumAfterBackoff=1
#BP#TX:21:144:6:30
#DPTP: page6 send done!t=276497,state=1

#FAD: metric=192, backoff=6
#FAD: reqNumAfterBackoff=1
#BP#TX:21:145:6:30
#DPTP: page5 send done!t=276564,state=1

#BP#TX:21:145:7:33
#OTP# page7 write done!t=284533

#BP#TX:21:145:10:36
#OTP# page8 write done!t=290259

#BP#TX:21:145:12:39
#OTP# page9 write done!t=295842

#BP#TX:21:145:13:43
#OTP# page10 write done!t=298673

#FAD: metric=181, backoff=8
#FAD: reqNumAfterBackoff=1
#BP#TX:21:146:13:44
#DPTP: page9 send done!t=298903,state=1

#FAD: metric=10, backoff=40
#FAD: reqNumAfterBackoff=0
#FAD: metric=22, backoff=25
#FAD: reqNumAfterBackoff=1
#BP#TX:21:156:13:45
#DPTP: page10 send done!t=300494,state=1

#BP#TX:21:156:15:51
#OTP# page11 write done!t=306583

#BP#TX:21:156:15:62
#OTP# page12 write done!t=314533

#BP#TX:21:156:16:65
#OTP# page13 write done!t=321773

#FAD: metric=179, backoff=3
#FAD: reqNumAfterBackoff=1
#BP#TX:21:203:17:78
#DPTP: page13 send done!t=329047,state=1

#FAD: metric=192, backoff=7
#FAD: reqNumAfterBackoff=1
#BP#TX:21:204:17:78
#DPTP: page13 send done!t=329330,state=1

#BP#TX:21:204:17:78
#OTP# page14 write done!t=332292

#BP#TX:21:204:18:84
#OTP# page15 write done!t=337766

#FAD: metric=22, backoff=23
#FAD: reqNumAfterBackoff=1
#FAD: metric=187, backoff=7
#FAD: reqNumAfterBackoff=1
#BP#TX:21:262:18:89
#DPTP: page15 send done!t=343818,state=1

#BP#TX:21:262:18:90
#OTP# page16 write done!t=345443

#FAD: metric=22, backoff=18
#FAD: reqNumAfterBackoff=1
#BP#TX:21:267:18:91
#DPTP: page16 send done!t=346783,state=1

#BP#TX:21:267:18:91
#OTP# page17 write done!t=351217

#BP#TX:21:267:18:92
#OTP# page18 write done!t=357749

#FAD: metric=187, backoff=3
#FAD: reqNumAfterBackoff=2
#BP#TX:21:314:18:96
#DPTP: page18 send done!t=360685,state=1

#BP#TX:21:314:19:96
#OTP# page19 write done!t=363580

#BP#TX:21:314:19:98
#OTP# page20 write done!t=366707

#FAD: metric=192, backoff=2
#FAD: reqNumAfterBackoff=1
#BP#TX:21:318:19:103
#DPTP: page20 send done!t=372321,state=1

#BP#TX:21:318:21:111

#BP#TC:21:189973:19523:475:233
#OTP: finish image!curPgNum=21,t=377253


#BP:reset Tx counter now!
